[2022-01-10 09:28:57,723] [views.py:17] [views:index] [WARNING]- 你好
[2022-01-10 09:28:57,724] [views.py:18] [views:index] [ERROR]- 你好
[2022-01-10 09:28:57,724] [views.py:19] [views:index] [INFO]- 你好
[2022-01-10 09:28:57,724] [views.py:21] [views:index] [CRITICAL]- 你好
[2022-01-10 12:41:44,763] [views.py:36] [views:index] [ERROR]- 'int' object has no attribute 'role_name'
[2022-01-10 12:41:52,304] [views.py:36] [views:index] [ERROR]- 'int' object has no attribute 'role_name'
[2022-01-10 12:41:58,746] [views.py:36] [views:index] [ERROR]- 'int' object has no attribute 'role_name'
[2022-01-10 12:42:10,593] [views.py:36] [views:index] [ERROR]- 'int' object has no attribute 'role_name'
[2022-01-10 12:42:14,421] [views.py:36] [views:index] [ERROR]- 'int' object has no attribute 'role_name'
[2022-01-10 12:42:22,265] [views.py:36] [views:index] [ERROR]- 'int' object has no attribute 'role_name'
[2022-01-10 12:42:23,225] [views.py:36] [views:index] [ERROR]- 'int' object has no attribute 'role_name'
[2022-01-10 12:42:24,190] [views.py:36] [views:index] [ERROR]- 'int' object has no attribute 'role_name'
[2022-01-10 12:42:25,446] [views.py:36] [views:index] [ERROR]- 'int' object has no attribute 'role_name'
[2022-01-10 12:42:36,510] [views.py:36] [views:index] [ERROR]- 'int' object has no attribute 'role_name'
[2022-01-10 12:42:38,657] [views.py:36] [views:index] [ERROR]- 'int' object has no attribute 'role_name'
[2022-01-10 12:42:39,279] [views.py:36] [views:index] [ERROR]- 'int' object has no attribute 'role_name'
[2022-01-10 12:42:39,943] [views.py:36] [views:index] [ERROR]- 'int' object has no attribute 'role_name'
[2022-01-10 12:42:40,560] [views.py:36] [views:index] [ERROR]- 'int' object has no attribute 'role_name'
[2022-01-10 12:42:41,201] [views.py:36] [views:index] [ERROR]- 'int' object has no attribute 'role_name'
[2022-01-10 12:42:53,414] [views.py:36] [views:index] [ERROR]- 'int' object has no attribute 'role_name'
[2022-01-10 12:43:16,208] [views.py:36] [views:index] [ERROR]- 'int' object has no attribute 'role_name'
[2022-01-10 12:43:47,700] [views.py:36] [views:index] [ERROR]- 'int' object has no attribute 'role_name'
[2022-01-10 12:44:09,479] [views.py:36] [views:index] [ERROR]- 'int' object has no attribute 'role_name'
[2022-01-10 12:44:10,289] [views.py:36] [views:index] [ERROR]- 'int' object has no attribute 'role_name'
[2022-01-10 12:44:11,009] [views.py:36] [views:index] [ERROR]- 'int' object has no attribute 'role_name'
[2022-01-10 12:44:12,707] [views.py:36] [views:index] [ERROR]- 'int' object has no attribute 'role_name'
[2022-01-10 12:44:15,883] [views.py:36] [views:index] [ERROR]- 'int' object has no attribute 'role_name'
[2022-01-10 12:45:09,060] [views.py:36] [views:index] [ERROR]- 'int' object has no attribute 'role_name'
[2022-01-10 12:45:12,875] [views.py:36] [views:index] [ERROR]- 'int' object has no attribute 'role_name'
[2022-01-10 12:45:42,005] [views.py:36] [views:index] [ERROR]- 'int' object has no attribute 'role_name'
[2022-01-10 12:45:42,789] [views.py:36] [views:index] [ERROR]- 'int' object has no attribute 'role_name'
[2022-01-10 12:45:43,533] [views.py:36] [views:index] [ERROR]- 'int' object has no attribute 'role_name'
[2022-01-10 12:45:43,963] [views.py:36] [views:index] [ERROR]- 'int' object has no attribute 'role_name'
[2022-01-10 12:45:44,336] [views.py:36] [views:index] [ERROR]- 'int' object has no attribute 'role_name'
[2022-01-10 12:45:48,186] [views.py:36] [views:index] [ERROR]- 'int' object has no attribute 'role_name'
[2022-01-10 12:46:05,967] [views.py:36] [views:index] [ERROR]- 'int' object has no attribute 'role_name'
